# JRE version: Java(TM) SE Runtime Environment (8.0_144-b01) (build 1.8.0_144-b01)
# Java VM: Java HotSpot(TM) 64-Bit Server VM (25.144-b01 mixed mode linux-amd64 compressed oops)
Heap:
 PSYoungGen      total 910336K, used 520524K [0x0000000781e00000, 0x00000007be900000, 0x00000007c0000000)
  eden space 860160K, 54% used [0x0000000781e00000,0x000000079eb8e498,0x00000007b6600000)
  from space 50176K, 95% used [0x00000007bb800000,0x00000007be6c4e68,0x00000007be900000)
  to   space 67072K, 0% used [0x00000007b6600000,0x00000007b6600000,0x00000007ba780000)
 ParOldGen       total 260608K, used 87073K [0x0000000705a00000, 0x0000000715880000, 0x0000000781e00000)
  object space 260608K, 33% used [0x0000000705a00000,0x000000070af08490,0x0000000715880000)
 Metaspace       used 92143K, capacity 95393K, committed 95488K, reserved 1132544K
  class space    used 11576K, capacity 12200K, committed 12288K, reserved 1048576K
GC Heap History (10 events):
Event: 58.462 GC heap before
{Heap before GC invocations=21 (full 3):
 PSYoungGen      total 610304K, used 607848K [0x0000000781e00000, 0x00000007af880000, 0x00000007c0000000)
  eden space 565760K, 100% used [0x0000000781e00000,0x00000007a4680000,0x00000007a4680000)
  from space 44544K, 94% used [0x00000007a4680000,0x00000007a6f9a178,0x00000007a7200000)
  to   space 50688K, 0% used [0x00000007ac700000,0x00000007ac700000,0x00000007af880000)
 ParOldGen       total 260608K, used 87041K [0x0000000705a00000, 0x0000000715880000, 0x0000000781e00000)
  object space 260608K, 33% used [0x0000000705a00000,0x000000070af00490,0x0000000715880000)
 Metaspace       used 82680K, capacity 85465K, committed 85888K, reserved 1124352K
  class space    used 10494K, capacity 11018K, committed 11136K, reserved 1048576K
Event: 58.525 GC heap after
Heap after GC invocations=21 (full 3):
 PSYoungGen      total 692224K, used 43633K [0x0000000781e00000, 0x00000007aff80000, 0x00000007c0000000)
  eden space 641536K, 0% used [0x0000000781e00000,0x0000000781e00000,0x00000007a9080000)
  from space 50688K, 86% used [0x00000007ac700000,0x00000007af19c438,0x00000007af880000)
  to   space 55808K, 0% used [0x00000007a9080000,0x00000007a9080000,0x00000007ac700000)
 ParOldGen       total 260608K, used 87049K [0x0000000705a00000, 0x0000000715880000, 0x0000000781e00000)
  object space 260608K, 33% used [0x0000000705a00000,0x000000070af02490,0x0000000715880000)
 Metaspace       used 82680K, capacity 85465K, committed 85888K, reserved 1124352K
  class space    used 10494K, capacity 11018K, committed 11136K, reserved 1048576K
}
Event: 60.988 GC heap before
{Heap before GC invocations=22 (full 3):
 PSYoungGen      total 692224K, used 685169K [0x0000000781e00000, 0x00000007aff80000, 0x00000007c0000000)
  eden space 641536K, 100% used [0x0000000781e00000,0x00000007a9080000,0x00000007a9080000)
  from space 50688K, 86% used [0x00000007ac700000,0x00000007af19c438,0x00000007af880000)
  to   space 55808K, 0% used [0x00000007a9080000,0x00000007a9080000,0x00000007ac700000)
 ParOldGen       total 260608K, used 87049K [0x0000000705a00000, 0x0000000715880000, 0x0000000781e00000)
  object space 260608K, 33% used [0x0000000705a00000,0x000000070af02490,0x0000000715880000)
 Metaspace       used 82915K, capacity 85753K, committed 86144K, reserved 1124352K
  class space    used 10505K, capacity 11050K, committed 11136K, reserved 1048576K
Event: 61.060 GC heap after
Heap after GC invocations=22 (full 3):
 PSYoungGen      total 697344K, used 40736K [0x0000000781e00000, 0x00000007b6680000, 0x00000007c0000000)
  eden space 641536K, 0% used [0x0000000781e00000,0x0000000781e00000,0x00000007a9080000)
  from space 55808K, 72% used [0x00000007a9080000,0x00000007ab8480a0,0x00000007ac700000)
  to   space 58880K, 0% used [0x00000007b2d00000,0x00000007b2d00000,0x00000007b6680000)
 ParOldGen       total 260608K, used 87049K [0x0000000705a00000, 0x0000000715880000, 0x0000000781e00000)
  object space 260608K, 33% used [0x0000000705a00000,0x000000070af02490,0x0000000715880000)
 Metaspace       used 82915K, capacity 85753K, committed 86144K, reserved 1124352K
  class space    used 10505K, capacity 11050K, committed 11136K, reserved 1048576K
}
Event: 63.065 GC heap before
{Heap before GC invocations=23 (full 3):
 PSYoungGen      total 697344K, used 682272K [0x0000000781e00000, 0x00000007b6680000, 0x00000007c0000000)
  eden space 641536K, 100% used [0x0000000781e00000,0x00000007a9080000,0x00000007a9080000)
  from space 55808K, 72% used [0x00000007a9080000,0x00000007ab8480a0,0x00000007ac700000)
  to   space 58880K, 0% used [0x00000007b2d00000,0x00000007b2d00000,0x00000007b6680000)
 ParOldGen       total 260608K, used 87049K [0x0000000705a00000, 0x0000000715880000, 0x0000000781e00000)
  object space 260608K, 33% used [0x0000000705a00000,0x000000070af02490,0x0000000715880000)
 Metaspace       used 83012K, capacity 85853K, committed 86144K, reserved 1124352K
  class space    used 10510K, capacity 11056K, committed 11136K, reserved 1048576K
Event: 63.125 GC heap after
Heap after GC invocations=23 (full 3):
 PSYoungGen      total 799232K, used 41728K [0x0000000781e00000, 0x00000007b7480000, 0x00000007c0000000)
  eden space 740352K, 0% used [0x0000000781e00000,0x0000000781e00000,0x00000007af100000)
  from space 58880K, 70% used [0x00000007b2d00000,0x00000007b55c00c0,0x00000007b6680000)
  to   space 61440K, 0% used [0x00000007af100000,0x00000007af100000,0x00000007b2d00000)
 ParOldGen       total 260608K, used 87057K [0x0000000705a00000, 0x0000000715880000, 0x0000000781e00000)
  object space 260608K, 33% used [0x0000000705a00000,0x000000070af04490,0x0000000715880000)
 Metaspace       used 83012K, capacity 85853K, committed 86144K, reserved 1124352K
  class space    used 10510K, capacity 11056K, committed 11136K, reserved 1048576K
}
Event: 65.127 GC heap before
{Heap before GC invocations=24 (full 3):
 PSYoungGen      total 799232K, used 782080K [0x0000000781e00000, 0x00000007b7480000, 0x00000007c0000000)
  eden space 740352K, 100% used [0x0000000781e00000,0x00000007af100000,0x00000007af100000)
  from space 58880K, 70% used [0x00000007b2d00000,0x00000007b55c00c0,0x00000007b6680000)
  to   space 61440K, 0% used [0x00000007af100000,0x00000007af100000,0x00000007b2d00000)
 ParOldGen       total 260608K, used 87057K [0x0000000705a00000, 0x0000000715880000, 0x0000000781e00000)
  object space 260608K, 33% used [0x0000000705a00000,0x000000070af04490,0x0000000715880000)
 Metaspace       used 83175K, capacity 85987K, committed 86144K, reserved 1124352K
  class space    used 10515K, capacity 11057K, committed 11136K, reserved 1048576K
Event: 65.204 GC heap after
Heap after GC invocations=24 (full 3):
 PSYoungGen      total 801792K, used 42928K [0x0000000781e00000, 0x00000007bf600000, 0x00000007c0000000)
  eden space 740352K, 0% used [0x0000000781e00000,0x0000000781e00000,0x00000007af100000)
  from space 61440K, 69% used [0x00000007af100000,0x00000007b1aec0b0,0x00000007b2d00000)
  to   space 63488K, 0% used [0x00000007bb800000,0x00000007bb800000,0x00000007bf600000)
 ParOldGen       total 260608K, used 87065K [0x0000000705a00000, 0x0000000715880000, 0x0000000781e00000)
  object space 260608K, 33% used [0x0000000705a00000,0x000000070af06490,0x0000000715880000)
 Metaspace       used 83175K, capacity 85987K, committed 86144K, reserved 1124352K
  class space    used 10515K, capacity 11057K, committed 11136K, reserved 1048576K
}
Event: 226.427 GC heap before
{Heap before GC invocations=25 (full 3):
 PSYoungGen      total 801792K, used 783280K [0x0000000781e00000, 0x00000007bf600000, 0x00000007c0000000)
  eden space 740352K, 100% used [0x0000000781e00000,0x00000007af100000,0x00000007af100000)
  from space 61440K, 69% used [0x00000007af100000,0x00000007b1aec0b0,0x00000007b2d00000)
  to   space 63488K, 0% used [0x00000007bb800000,0x00000007bb800000,0x00000007bf600000)
 ParOldGen       total 260608K, used 87065K [0x0000000705a00000, 0x0000000715880000, 0x0000000781e00000)
  object space 260608K, 33% used [0x0000000705a00000,0x000000070af06490,0x0000000715880000)
 Metaspace       used 91262K, capacity 94321K, committed 94592K, reserved 1132544K
  class space    used 11512K, capacity 12086K, committed 12160K, reserved 1048576K
Event: 226.493 GC heap after
Heap after GC invocations=25 (full 3):
 PSYoungGen      total 910336K, used 47891K [0x0000000781e00000, 0x00000007be900000, 0x00000007c0000000)
  eden space 860160K, 0% used [0x0000000781e00000,0x0000000781e00000,0x00000007b6600000)
  from space 50176K, 95% used [0x00000007bb800000,0x00000007be6c4e68,0x00000007be900000)
  to   space 67072K, 0% used [0x00000007b6600000,0x00000007b6600000,0x00000007ba780000)
 ParOldGen       total 260608K, used 87073K [0x0000000705a00000, 0x0000000715880000, 0x0000000781e00000)
  object space 260608K, 33% used [0x0000000705a00000,0x000000070af08490,0x0000000715880000)
 Metaspace       used 91262K, capacity 94321K, committed 94592K, reserved 1132544K
  class space    used 11512K, capacity 12086K, committed 12160K, reserved 1048576K
}

