# JRE version: Java(TM) SE Runtime Environment (8.0_144-b01) (build 1.8.0_144-b01)
# Java VM: Java HotSpot(TM) 64-Bit Server VM (25.144-b01 mixed mode linux-amd64 compressed oops)
Heap:
 PSYoungGen      total 390144K, used 390136K [0x0000000781e00000, 0x000000079ca80000, 0x00000007c0000000)
  eden space 379904K, 100% used [0x0000000781e00000,0x0000000799100000,0x0000000799100000)
  from space 10240K, 99% used [0x000000079c080000,0x000000079ca7e300,0x000000079ca80000)
  to   space 26112K, 35% used [0x0000000799780000,0x000000079a072310,0x000000079b100000)
 ParOldGen       total 134656K, used 33708K [0x0000000705a00000, 0x000000070dd80000, 0x0000000781e00000)
  object space 134656K, 25% used [0x0000000705a00000,0x0000000707aeb0e0,0x000000070dd80000)
 Metaspace       used 54809K, capacity 55520K, committed 55808K, reserved 1097728K
  class space    used 6737K, capacity 6908K, committed 6912K, reserved 1048576K
GC Heap History (10 events):
Event: 12.685 GC heap after
Heap after GC invocations=14 (full 2):
 PSYoungGen      total 364032K, used 18903K [0x0000000781e00000, 0x0000000799d80000, 0x00000007c0000000)
  eden space 340992K, 0% used [0x0000000781e00000,0x0000000781e00000,0x0000000796b00000)
  from space 23040K, 82% used [0x0000000798300000,0x0000000799575e20,0x0000000799980000)
  to   space 24576K, 0% used [0x0000000796b00000,0x0000000796b00000,0x0000000798300000)
 ParOldGen       total 134656K, used 23333K [0x0000000705a00000, 0x000000070dd80000, 0x0000000781e00000)
  object space 134656K, 17% used [0x0000000705a00000,0x00000007070c9490,0x000000070dd80000)
 Metaspace       used 42220K, capacity 42904K, committed 43136K, reserved 1087488K
  class space    used 5237K, capacity 5412K, committed 5504K, reserved 1048576K
}
Event: 1702.496 GC heap before
{Heap before GC invocations=15 (full 2):
 PSYoungGen      total 364032K, used 359895K [0x0000000781e00000, 0x0000000799d80000, 0x00000007c0000000)
  eden space 340992K, 100% used [0x0000000781e00000,0x0000000796b00000,0x0000000796b00000)
  from space 23040K, 82% used [0x0000000798300000,0x0000000799575e20,0x0000000799980000)
  to   space 24576K, 0% used [0x0000000796b00000,0x0000000796b00000,0x0000000798300000)
 ParOldGen       total 134656K, used 23333K [0x0000000705a00000, 0x000000070dd80000, 0x0000000781e00000)
  object space 134656K, 17% used [0x0000000705a00000,0x00000007070c9490,0x000000070dd80000)
 Metaspace       used 53262K, capacity 54018K, committed 54272K, reserved 1097728K
  class space    used 6710K, capacity 6903K, committed 6912K, reserved 1048576K
Event: 1702.544 GC heap after
Heap after GC invocations=15 (full 2):
 PSYoungGen      total 365568K, used 24565K [0x0000000781e00000, 0x000000079f700000, 0x00000007c0000000)
  eden space 340992K, 0% used [0x0000000781e00000,0x0000000781e00000,0x0000000796b00000)
  from space 24576K, 99% used [0x0000000796b00000,0x00000007982fd558,0x0000000798300000)
  to   space 29696K, 0% used [0x000000079da00000,0x000000079da00000,0x000000079f700000)
 ParOldGen       total 134656K, used 26971K [0x0000000705a00000, 0x000000070dd80000, 0x0000000781e00000)
  object space 134656K, 20% used [0x0000000705a00000,0x0000000707456fd0,0x000000070dd80000)
 Metaspace       used 53262K, capacity 54018K, committed 54272K, reserved 1097728K
  class space    used 6710K, capacity 6903K, committed 6912K, reserved 1048576K
}
Event: 2637.678 GC heap before
{Heap before GC invocations=16 (full 2):
 PSYoungGen      total 365568K, used 365557K [0x0000000781e00000, 0x000000079f700000, 0x00000007c0000000)
  eden space 340992K, 100% used [0x0000000781e00000,0x0000000796b00000,0x0000000796b00000)
  from space 24576K, 99% used [0x0000000796b00000,0x00000007982fd558,0x0000000798300000)
  to   space 29696K, 0% used [0x000000079da00000,0x000000079da00000,0x000000079f700000)
 ParOldGen       total 134656K, used 26971K [0x0000000705a00000, 0x000000070dd80000, 0x0000000781e00000)
  object space 134656K, 20% used [0x0000000705a00000,0x0000000707456fd0,0x000000070dd80000)
 Metaspace       used 53889K, capacity 54618K, committed 55040K, reserved 1097728K
  class space    used 6727K, capacity 6907K, committed 6912K, reserved 1048576K
Event: 2637.744 GC heap after
Heap after GC invocations=16 (full 2):
 PSYoungGen      total 424448K, used 13041K [0x0000000781e00000, 0x000000079e700000, 0x00000007c0000000)
  eden space 411136K, 0% used [0x0000000781e00000,0x0000000781e00000,0x000000079af80000)
  from space 13312K, 97% used [0x000000079da00000,0x000000079e6bc498,0x000000079e700000)
  to   space 28160K, 0% used [0x000000079b000000,0x000000079b000000,0x000000079cb80000)
 ParOldGen       total 134656K, used 33684K [0x0000000705a00000, 0x000000070dd80000, 0x0000000781e00000)
  object space 134656K, 25% used [0x0000000705a00000,0x0000000707ae50e0,0x000000070dd80000)
 Metaspace       used 53889K, capacity 54618K, committed 55040K, reserved 1097728K
  class space    used 6727K, capacity 6907K, committed 6912K, reserved 1048576K
}
Event: 5971.928 GC heap before
{Heap before GC invocations=17 (full 2):
 PSYoungGen      total 424448K, used 424177K [0x0000000781e00000, 0x000000079e700000, 0x00000007c0000000)
  eden space 411136K, 100% used [0x0000000781e00000,0x000000079af80000,0x000000079af80000)
  from space 13312K, 97% used [0x000000079da00000,0x000000079e6bc498,0x000000079e700000)
  to   space 28160K, 0% used [0x000000079b000000,0x000000079b000000,0x000000079cb80000)
 ParOldGen       total 134656K, used 33684K [0x0000000705a00000, 0x000000070dd80000, 0x0000000781e00000)
  object space 134656K, 25% used [0x0000000705a00000,0x0000000707ae50e0,0x000000070dd80000)
 Metaspace       used 54496K, capacity 55264K, committed 55552K, reserved 1097728K
  class space    used 6732K, capacity 6908K, committed 6912K, reserved 1048576K
Event: 5971.957 GC heap after
Heap after GC invocations=17 (full 2):
 PSYoungGen      total 408064K, used 12312K [0x0000000781e00000, 0x000000079da80000, 0x00000007c0000000)
  eden space 395264K, 0% used [0x0000000781e00000,0x0000000781e00000,0x000000079a000000)
  from space 12800K, 96% used [0x000000079b000000,0x000000079bc06300,0x000000079bc80000)
  to   space 26624K, 0% used [0x000000079c080000,0x000000079c080000,0x000000079da80000)
 ParOldGen       total 134656K, used 33692K [0x0000000705a00000, 0x000000070dd80000, 0x0000000781e00000)
  object space 134656K, 25% used [0x0000000705a00000,0x0000000707ae70e0,0x000000070dd80000)
 Metaspace       used 54496K, capacity 55264K, committed 55552K, reserved 1097728K
  class space    used 6732K, capacity 6908K, committed 6912K, reserved 1048576K
}
Event: 9469.130 GC heap before
{Heap before GC invocations=18 (full 2):
 PSYoungGen      total 408064K, used 407576K [0x0000000781e00000, 0x000000079da80000, 0x00000007c0000000)
  eden space 395264K, 100% used [0x0000000781e00000,0x000000079a000000,0x000000079a000000)
  from space 12800K, 96% used [0x000000079b000000,0x000000079bc06300,0x000000079bc80000)
  to   space 26624K, 0% used [0x000000079c080000,0x000000079c080000,0x000000079da80000)
 ParOldGen       total 134656K, used 33692K [0x0000000705a00000, 0x000000070dd80000, 0x0000000781e00000)
  object space 134656K, 25% used [0x0000000705a00000,0x0000000707ae70e0,0x000000070dd80000)
 Metaspace       used 54745K, capacity 55456K, committed 55808K, reserved 1097728K
  class space    used 6737K, capacity 6908K, committed 6912K, reserved 1048576K
Event: 9469.151 GC heap after
Heap after GC invocations=18 (full 2):
 PSYoungGen      total 390144K, used 10232K [0x0000000781e00000, 0x000000079ca80000, 0x00000007c0000000)
  eden space 379904K, 0% used [0x0000000781e00000,0x0000000781e00000,0x0000000799100000)
  from space 10240K, 99% used [0x000000079c080000,0x000000079ca7e300,0x000000079ca80000)
  to   space 26112K, 0% used [0x0000000799780000,0x0000000799780000,0x000000079b100000)
 ParOldGen       total 134656K, used 33700K [0x0000000705a00000, 0x000000070dd80000, 0x0000000781e00000)
  object space 134656K, 25% used [0x0000000705a00000,0x0000000707ae90e0,0x000000070dd80000)
 Metaspace       used 54745K, capacity 55456K, committed 55808K, reserved 1097728K
  class space    used 6737K, capacity 6908K, committed 6912K, reserved 1048576K
}
Event: 12869.223 GC heap before
{Heap before GC invocations=19 (full 2):
 PSYoungGen      total 390144K, used 390136K [0x0000000781e00000, 0x000000079ca80000, 0x00000007c0000000)
  eden space 379904K, 100% used [0x0000000781e00000,0x0000000799100000,0x0000000799100000)
  from space 10240K, 99% used [0x000000079c080000,0x000000079ca7e300,0x000000079ca80000)
  to   space 26112K, 0% used [0x0000000799780000,0x0000000799780000,0x000000079b100000)
 ParOldGen       total 134656K, used 33700K [0x0000000705a00000, 0x000000070dd80000, 0x0000000781e00000)
  object space 134656K, 25% used [0x0000000705a00000,0x0000000707ae90e0,0x000000070dd80000)
 Metaspace       used 54809K, capacity 55520K, committed 55808K, reserved 1097728K
  class space    used 6737K, capacity 6908K, committed 6912K, reserved 1048576K

