# JRE version: Java(TM) SE Runtime Environment (8.0_144-b01) (build 1.8.0_144-b01)
# Java VM: Java HotSpot(TM) 64-Bit Server VM (25.144-b01 mixed mode linux-amd64 compressed oops)
Heap:
 PSYoungGen      total 757760K, used 565514K [0x0000000782100000, 0x00000007bfe00000, 0x00000007c0000000)
  eden space 710656K, 76% used [0x0000000782100000,0x00000007a3188210,0x00000007ad700000)
  from space 47104K, 51% used [0x00000007ad700000,0x00000007aeeba970,0x00000007b0500000)
  to   space 46592K, 0% used [0x00000007bd080000,0x00000007bd080000,0x00000007bfe00000)
 ParOldGen       total 200704K, used 66282K [0x0000000706200000, 0x0000000712600000, 0x0000000782100000)
  object space 200704K, 33% used [0x0000000706200000,0x000000070a2baad8,0x0000000712600000)
 Metaspace       used 71928K, capacity 73212K, committed 73304K, reserved 1114112K
  class space    used 8529K, capacity 8783K, committed 8832K, reserved 1048576K
GC Heap History (10 events):
Event: 22.673 GC heap before
{Heap before GC invocations=16 (full 2):
 PSYoungGen      total 472576K, used 472566K [0x0000000782100000, 0x00000007a8780000, 0x00000007c0000000)
  eden space 444928K, 100% used [0x0000000782100000,0x000000079d380000,0x000000079d380000)
  from space 27648K, 99% used [0x000000079d380000,0x000000079ee7d960,0x000000079ee80000)
  to   space 34304K, 0% used [0x00000007a6600000,0x00000007a6600000,0x00000007a8780000)
 ParOldGen       total 138240K, used 42866K [0x0000000706200000, 0x000000070e900000, 0x0000000782100000)
  object space 138240K, 31% used [0x0000000706200000,0x0000000708bdcbc8,0x000000070e900000)
 Metaspace       used 55448K, capacity 56106K, committed 56536K, reserved 1099776K
  class space    used 6398K, capacity 6585K, committed 6656K, reserved 1048576K
Event: 22.762 GC heap after
Heap after GC invocations=16 (full 2):
 PSYoungGen      total 584192K, used 34273K [0x0000000782100000, 0x00000007aab80000, 0x00000007c0000000)
  eden space 549888K, 0% used [0x0000000782100000,0x0000000782100000,0x00000007a3a00000)
  from space 34304K, 99% used [0x00000007a6600000,0x00000007a87786a8,0x00000007a8780000)
  to   space 45056K, 0% used [0x00000007a3a00000,0x00000007a3a00000,0x00000007a6600000)
 ParOldGen       total 138240K, used 55996K [0x0000000706200000, 0x000000070e900000, 0x0000000782100000)
  object space 138240K, 40% used [0x0000000706200000,0x00000007098af380,0x000000070e900000)
 Metaspace       used 55448K, capacity 56106K, committed 56536K, reserved 1099776K
  class space    used 6398K, capacity 6585K, committed 6656K, reserved 1048576K
}
Event: 25.951 GC heap before
{Heap before GC invocations=17 (full 2):
 PSYoungGen      total 584192K, used 584161K [0x0000000782100000, 0x00000007aab80000, 0x00000007c0000000)
  eden space 549888K, 100% used [0x0000000782100000,0x00000007a3a00000,0x00000007a3a00000)
  from space 34304K, 99% used [0x00000007a6600000,0x00000007a87786a8,0x00000007a8780000)
  to   space 45056K, 0% used [0x00000007a3a00000,0x00000007a3a00000,0x00000007a6600000)
 ParOldGen       total 138240K, used 55996K [0x0000000706200000, 0x000000070e900000, 0x0000000782100000)
  object space 138240K, 40% used [0x0000000706200000,0x00000007098af380,0x000000070e900000)
 Metaspace       used 57875K, capacity 58650K, committed 58968K, reserved 1101824K
  class space    used 6720K, capacity 6923K, committed 7040K, reserved 1048576K
Event: 26.014 GC heap after
Heap after GC invocations=17 (full 2):
 PSYoungGen      total 594944K, used 33138K [0x0000000782100000, 0x00000007b3400000, 0x00000007c0000000)
  eden space 549888K, 0% used [0x0000000782100000,0x0000000782100000,0x00000007a3a00000)
  from space 45056K, 73% used [0x00000007a3a00000,0x00000007a5a5ca68,0x00000007a6600000)
  to   space 48128K, 0% used [0x00000007b0500000,0x00000007b0500000,0x00000007b3400000)
 ParOldGen       total 138240K, used 76410K [0x0000000706200000, 0x000000070e900000, 0x0000000782100000)
  object space 138240K, 55% used [0x0000000706200000,0x000000070ac9ea38,0x000000070e900000)
 Metaspace       used 57875K, capacity 58650K, committed 58968K, reserved 1101824K
  class space    used 6720K, capacity 6923K, committed 7040K, reserved 1048576K
}
Event: 26.029 GC heap before
{Heap before GC invocations=18 (full 2):
 PSYoungGen      total 594944K, used 43576K [0x0000000782100000, 0x00000007b3400000, 0x00000007c0000000)
  eden space 549888K, 1% used [0x0000000782100000,0x0000000782b317c8,0x00000007a3a00000)
  from space 45056K, 73% used [0x00000007a3a00000,0x00000007a5a5ca68,0x00000007a6600000)
  to   space 48128K, 0% used [0x00000007b0500000,0x00000007b0500000,0x00000007b3400000)
 ParOldGen       total 138240K, used 76410K [0x0000000706200000, 0x000000070e900000, 0x0000000782100000)
  object space 138240K, 55% used [0x0000000706200000,0x000000070ac9ea38,0x000000070e900000)
 Metaspace       used 57890K, capacity 58650K, committed 58968K, reserved 1101824K
  class space    used 6722K, capacity 6923K, committed 7040K, reserved 1048576K
Event: 26.050 GC heap after
Heap after GC invocations=18 (full 2):
 PSYoungGen      total 758784K, used 6560K [0x0000000782100000, 0x00000007bb180000, 0x00000007c0000000)
  eden space 710656K, 0% used [0x0000000782100000,0x0000000782100000,0x00000007ad700000)
  from space 48128K, 13% used [0x00000007b0500000,0x00000007b0b68010,0x00000007b3400000)
  to   space 47104K, 0% used [0x00000007ad700000,0x00000007ad700000,0x00000007b0500000)
 ParOldGen       total 138240K, used 84733K [0x0000000706200000, 0x000000070e900000, 0x0000000782100000)
  object space 138240K, 61% used [0x0000000706200000,0x000000070b4bf4d0,0x000000070e900000)
 Metaspace       used 57890K, capacity 58650K, committed 58968K, reserved 1101824K
  class space    used 6722K, capacity 6923K, committed 7040K, reserved 1048576K
}
Event: 26.050 GC heap before
{Heap before GC invocations=19 (full 3):
 PSYoungGen      total 758784K, used 6560K [0x0000000782100000, 0x00000007bb180000, 0x00000007c0000000)
  eden space 710656K, 0% used [0x0000000782100000,0x0000000782100000,0x00000007ad700000)
  from space 48128K, 13% used [0x00000007b0500000,0x00000007b0b68010,0x00000007b3400000)
  to   space 47104K, 0% used [0x00000007ad700000,0x00000007ad700000,0x00000007b0500000)
 ParOldGen       total 138240K, used 84733K [0x0000000706200000, 0x000000070e900000, 0x0000000782100000)
  object space 138240K, 61% used [0x0000000706200000,0x000000070b4bf4d0,0x000000070e900000)
 Metaspace       used 57890K, capacity 58650K, committed 58968K, reserved 1101824K
  class space    used 6722K, capacity 6923K, committed 7040K, reserved 1048576K
Event: 26.587 GC heap after
Heap after GC invocations=19 (full 3):
 PSYoungGen      total 758784K, used 0K [0x0000000782100000, 0x00000007bb180000, 0x00000007c0000000)
  eden space 710656K, 0% used [0x0000000782100000,0x0000000782100000,0x00000007ad700000)
  from space 48128K, 0% used [0x00000007b0500000,0x00000007b0500000,0x00000007b3400000)
  to   space 47104K, 0% used [0x00000007ad700000,0x00000007ad700000,0x00000007b0500000)
 ParOldGen       total 200704K, used 66274K [0x0000000706200000, 0x0000000712600000, 0x0000000782100000)
  object space 200704K, 33% used [0x0000000706200000,0x000000070a2b8ad8,0x0000000712600000)
 Metaspace       used 57890K, capacity 58650K, committed 58968K, reserved 1101824K
  class space    used 6722K, capacity 6923K, committed 7040K, reserved 1048576K
}
Event: 31.310 GC heap before
{Heap before GC invocations=20 (full 3):
 PSYoungGen      total 758784K, used 710656K [0x0000000782100000, 0x00000007bb180000, 0x00000007c0000000)
  eden space 710656K, 100% used [0x0000000782100000,0x00000007ad700000,0x00000007ad700000)
  from space 48128K, 0% used [0x00000007b0500000,0x00000007b0500000,0x00000007b3400000)
  to   space 47104K, 0% used [0x00000007ad700000,0x00000007ad700000,0x00000007b0500000)
 ParOldGen       total 200704K, used 66274K [0x0000000706200000, 0x0000000712600000, 0x0000000782100000)
  object space 200704K, 33% used [0x0000000706200000,0x000000070a2b8ad8,0x0000000712600000)
 Metaspace       used 64546K, capacity 65456K, committed 65752K, reserved 1107968K
  class space    used 7674K, capacity 7892K, committed 7936K, reserved 1048576K
Event: 31.369 GC heap after
Heap after GC invocations=20 (full 3):
 PSYoungGen      total 757760K, used 24298K [0x0000000782100000, 0x00000007bfe00000, 0x00000007c0000000)
  eden space 710656K, 0% used [0x0000000782100000,0x0000000782100000,0x00000007ad700000)
  from space 47104K, 51% used [0x00000007ad700000,0x00000007aeeba970,0x00000007b0500000)
  to   space 46592K, 0% used [0x00000007bd080000,0x00000007bd080000,0x00000007bfe00000)
 ParOldGen       total 200704K, used 66282K [0x0000000706200000, 0x0000000712600000, 0x0000000782100000)
  object space 200704K, 33% used [0x0000000706200000,0x000000070a2baad8,0x0000000712600000)
 Metaspace       used 64546K, capacity 65456K, committed 65752K, reserved 1107968K
  class space    used 7674K, capacity 7892K, committed 7936K, reserved 1048576K
}

